{
  "stats": {
    "suites": 1,
    "tests": 9,
    "passes": 0,
    "pending": 8,
    "failures": 1,
    "start": "2022-03-16T05:51:34.117Z",
    "end": "2022-03-16T05:51:38.115Z",
    "duration": 3998,
    "testsRegistered": 9,
    "passPercent": 0,
    "pendingPercent": 88.88888888888889,
    "other": 0,
    "hasOther": false,
    "skipped": 8,
    "hasSkipped": true
  },
  "results": [
    {
      "uuid": "14ffae61-1bd6-477d-b1e2-60918f945dfc",
      "title": "",
      "fullFile": "cypress/integration/API_Automation.feature",
      "file": "cypress/integration/API_Automation.feature",
      "beforeHooks": [],
      "afterHooks": [],
      "tests": [],
      "suites": [
        {
          "uuid": "07d3fc4e-f68a-4418-ac74-e6e33ca4a11e",
          "title": "API Automation",
          "fullFile": "",
          "file": "",
          "beforeHooks": [],
          "afterHooks": [],
          "tests": [
            {
              "title": "GET API to open the page",
              "fullTitle": "API Automation GET API to open the page",
              "timedOut": null,
              "duration": 84,
              "state": "pending",
              "speed": null,
              "pass": false,
              "fail": false,
              "pending": false,
              "context": null,
              "code": "// register this scenario with the cucumber data collector\n// but don't run it\n// Tell mocha this is a skipped test so it also shows correctly in Cypress\nconst state = window.testState;\ncy.then(() => state.onStartScenario(scenario, indexedSteps))\n  .then(() => state.onFinishScenario(scenario))\n  // eslint-disable-next-line func-names\n  .then(function () {\n    return this.skip();\n  });",
              "err": {},
              "uuid": "b95f5f5b-6812-43d4-ad96-dfb22b2b1fc2",
              "parentUUID": "07d3fc4e-f68a-4418-ac74-e6e33ca4a11e",
              "isHook": false,
              "skipped": true
            },
            {
              "title": "POST API to register",
              "fullTitle": "API Automation POST API to register",
              "timedOut": null,
              "duration": 32,
              "state": "pending",
              "speed": null,
              "pass": false,
              "fail": false,
              "pending": false,
              "context": null,
              "code": "// register this scenario with the cucumber data collector\n// but don't run it\n// Tell mocha this is a skipped test so it also shows correctly in Cypress\nconst state = window.testState;\ncy.then(() => state.onStartScenario(scenario, indexedSteps))\n  .then(() => state.onFinishScenario(scenario))\n  // eslint-disable-next-line func-names\n  .then(function () {\n    return this.skip();\n  });",
              "err": {},
              "uuid": "2c73f2ab-01c1-46fe-86d2-cd93a505530b",
              "parentUUID": "07d3fc4e-f68a-4418-ac74-e6e33ca4a11e",
              "isHook": false,
              "skipped": true
            },
            {
              "title": "PUT API to edit",
              "fullTitle": "API Automation PUT API to edit",
              "timedOut": null,
              "duration": 72,
              "state": "pending",
              "speed": null,
              "pass": false,
              "fail": false,
              "pending": false,
              "context": null,
              "code": "// register this scenario with the cucumber data collector\n// but don't run it\n// Tell mocha this is a skipped test so it also shows correctly in Cypress\nconst state = window.testState;\ncy.then(() => state.onStartScenario(scenario, indexedSteps))\n  .then(() => state.onFinishScenario(scenario))\n  // eslint-disable-next-line func-names\n  .then(function () {\n    return this.skip();\n  });",
              "err": {},
              "uuid": "1b061e36-2a92-461f-9176-bdfd6c37485a",
              "parentUUID": "07d3fc4e-f68a-4418-ac74-e6e33ca4a11e",
              "isHook": false,
              "skipped": true
            },
            {
              "title": "DELETE API to delete",
              "fullTitle": "API Automation DELETE API to delete",
              "timedOut": null,
              "duration": 53,
              "state": "pending",
              "speed": null,
              "pass": false,
              "fail": false,
              "pending": false,
              "context": null,
              "code": "// register this scenario with the cucumber data collector\n// but don't run it\n// Tell mocha this is a skipped test so it also shows correctly in Cypress\nconst state = window.testState;\ncy.then(() => state.onStartScenario(scenario, indexedSteps))\n  .then(() => state.onFinishScenario(scenario))\n  // eslint-disable-next-line func-names\n  .then(function () {\n    return this.skip();\n  });",
              "err": {},
              "uuid": "d9737af6-4731-4895-b9b9-458f1985f0c2",
              "parentUUID": "07d3fc4e-f68a-4418-ac74-e6e33ca4a11e",
              "isHook": false,
              "skipped": true
            },
            {
              "title": "No Input -POST",
              "fullTitle": "API Automation No Input -POST",
              "timedOut": null,
              "duration": 20,
              "state": "pending",
              "speed": null,
              "pass": false,
              "fail": false,
              "pending": false,
              "context": null,
              "code": "// register this scenario with the cucumber data collector\n// but don't run it\n// Tell mocha this is a skipped test so it also shows correctly in Cypress\nconst state = window.testState;\ncy.then(() => state.onStartScenario(scenario, indexedSteps))\n  .then(() => state.onFinishScenario(scenario))\n  // eslint-disable-next-line func-names\n  .then(function () {\n    return this.skip();\n  });",
              "err": {},
              "uuid": "1a04a577-a80d-42e2-a32f-820fae497328",
              "parentUUID": "07d3fc4e-f68a-4418-ac74-e6e33ca4a11e",
              "isHook": false,
              "skipped": true
            },
            {
              "title": "Already registered mail - POST",
              "fullTitle": "API Automation Already registered mail - POST",
              "timedOut": null,
              "duration": 49,
              "state": "pending",
              "speed": null,
              "pass": false,
              "fail": false,
              "pending": false,
              "context": null,
              "code": "// register this scenario with the cucumber data collector\n// but don't run it\n// Tell mocha this is a skipped test so it also shows correctly in Cypress\nconst state = window.testState;\ncy.then(() => state.onStartScenario(scenario, indexedSteps))\n  .then(() => state.onFinishScenario(scenario))\n  // eslint-disable-next-line func-names\n  .then(function () {\n    return this.skip();\n  });",
              "err": {},
              "uuid": "b7248dce-9c1c-4b7f-be5b-51f714ebe039",
              "parentUUID": "07d3fc4e-f68a-4418-ac74-e6e33ca4a11e",
              "isHook": false,
              "skipped": true
            },
            {
              "title": "Missing Parameters - POST",
              "fullTitle": "API Automation Missing Parameters - POST",
              "timedOut": null,
              "duration": 63,
              "state": "pending",
              "speed": null,
              "pass": false,
              "fail": false,
              "pending": false,
              "context": null,
              "code": "// register this scenario with the cucumber data collector\n// but don't run it\n// Tell mocha this is a skipped test so it also shows correctly in Cypress\nconst state = window.testState;\ncy.then(() => state.onStartScenario(scenario, indexedSteps))\n  .then(() => state.onFinishScenario(scenario))\n  // eslint-disable-next-line func-names\n  .then(function () {\n    return this.skip();\n  });",
              "err": {},
              "uuid": "84df859f-292d-4746-ba8c-007b02ffc9a7",
              "parentUUID": "07d3fc4e-f68a-4418-ac74-e6e33ca4a11e",
              "isHook": false,
              "skipped": true
            },
            {
              "title": "InvalidInputs - GET",
              "fullTitle": "API Automation InvalidInputs - GET",
              "timedOut": null,
              "duration": 36,
              "state": "pending",
              "speed": null,
              "pass": false,
              "fail": false,
              "pending": false,
              "context": null,
              "code": "// register this scenario with the cucumber data collector\n// but don't run it\n// Tell mocha this is a skipped test so it also shows correctly in Cypress\nconst state = window.testState;\ncy.then(() => state.onStartScenario(scenario, indexedSteps))\n  .then(() => state.onFinishScenario(scenario))\n  // eslint-disable-next-line func-names\n  .then(function () {\n    return this.skip();\n  });",
              "err": {},
              "uuid": "9bc8c15e-51f5-4145-897c-580f940fce6c",
              "parentUUID": "07d3fc4e-f68a-4418-ac74-e6e33ca4a11e",
              "isHook": false,
              "skipped": true
            },
            {
              "title": "Multiple values validation - GET",
              "fullTitle": "API Automation Multiple values validation - GET",
              "timedOut": null,
              "duration": 3051,
              "state": "failed",
              "speed": null,
              "pass": false,
              "fail": true,
              "pending": false,
              "context": null,
              "code": "const state = window.testState;\nreturn cy\n  .then(() => state.onStartScenario(scenario, indexedSteps))\n  .then(() =>\n    resolveAndRunBeforeHooks.call(this, scenario.tags, state.feature.name)\n  )\n  .then(() =>\n    indexedSteps.forEach((step) =>\n      stepTest.call(this, state, step, rowData)\n    )\n  )\n  .then(() => state.onFinishScenario(scenario));",
              "err": {
                "message": "AssertionError: expected { Object (body, headers, ...) } to deeply equal [ Array(20) ]",
                "estack": "AssertionError: expected { Object (body, headers, ...) } to deeply equal [ Array(20) ]\n    at Context.eval (http://localhost:49943/__cypress/tests?p=cypress\\integration\\API_Automation.feature:398:12)",
                "diff": "- { body: \n-    [ { id: 2349,\n-        name: 'Kashyap Acharya Esq.',\n-        email: 'esq_acharya_kashyap@kshlerin.io',\n-        gender: 'female',\n-        status: 'active' },\n-      { id: 2348,\n-        name: 'Brahmanandam Pilla',\n-        email: 'pilla_brahmanandam@fisher.org',\n-        gender: 'male',\n-        status: 'inactive' },\n-      { id: 2347,\n-        name: 'Rev. Ekadant Guneta',\n-        email: 'rev_guneta_ekadant@murazik-goyette.name',\n-        gender: 'female',\n-        status: 'active' },\n-      { id: 2346,\n-        name: 'Girika Bhattacharya',\n-        email: 'bhattacharya_girika@torphy.net',\n-        gender: 'female',\n-        status: 'inactive' },\n-      { id: 2345,\n-        name: 'Ritesh Bhattathiri',\n-        email: 'ritesh_bhattathiri@konopelski.org',\n-        gender: 'female',\n-        status: 'inactive' },\n-      { id: 2344,\n-        name: 'Chandramauli Kocchar',\n-        email: 'chandramauli_kocchar@rolfson.io',\n-        gender: 'female',\n-        status: 'active' },\n-      { id: 2342,\n-        name: 'Atreyi Pandey PhD',\n-        email: 'phd_atreyi_pandey@haag-keeling.co',\n-        gender: 'male',\n-        status: 'active' },\n-      { id: 2341,\n-        name: 'Rep. Menka Chopra',\n-        email: 'rep_chopra_menka@sauer-parisian.io',\n-        gender: 'female',\n-        status: 'active' },\n-      { id: 2340,\n-        name: 'Divjot Mehrotra',\n-        email: 'divjot_mehrotra@adams.org',\n-        gender: 'female',\n-        status: 'inactive' },\n-      { id: 2339,\n-        name: 'Atmanand Bharadwaj',\n-        email: 'atmanand_bharadwaj@herman-borer.io',\n-        gender: 'female',\n-        status: 'active' },\n-      { id: 2338,\n-        name: 'Rep. Rajendra Rana',\n-        email: 'rajendra_rana_rep@torphy-dicki.org',\n-        gender: 'male',\n-        status: 'inactive' },\n-      { id: 2337,\n-        name: 'Shashi Mehrotra',\n-        email: 'shashi_mehrotra@rowe-oberbrunner.io',\n-        gender: 'male',\n-        status: 'active' },\n-      { id: 2335,\n-        name: 'Mohinder Guha',\n-        email: 'guha_mohinder@steuber-becker.biz',\n-        gender: 'male',\n-        status: 'active' },\n-      { id: 2334,\n-        name: 'Prof. Radha Bandopadhyay',\n-        email: 'bandopadhyay_radha_prof@dibbert.info',\n-        gender: 'female',\n-        status: 'inactive' },\n-      { id: 2333,\n-        name: 'Mrs. Laxmi Deshpande',\n-        email: 'deshpande_mrs_laxmi@hermann.org',\n-        gender: 'female',\n-        status: 'active' },\n-      { id: 2332,\n-        name: 'Bhima Tandon',\n-        email: 'tandon_bhima@kuvalis.com',\n-        gender: 'female',\n-        status: 'inactive' },\n-      { id: 2331,\n-        name: 'Mohana Pilla',\n-        email: 'pilla_mohana@cronin.net',\n-        gender: 'female',\n-        status: 'inactive' },\n-      { id: 2330,\n-        name: 'Niranjan Panicker DC',\n-        email: 'dc_panicker_niranjan@farrell.name',\n-        gender: 'female',\n-        status: 'inactive' },\n-      { id: 2329,\n-        name: 'Aagam Deshpande',\n-        email: 'deshpande_aagam@predovic.name',\n-        gender: 'female',\n-        status: 'active' },\n-      { id: 2327,\n-        name: 'Manisha Iyer',\n-        email: 'manisha_iyer@senger.co',\n-        gender: 'female',\n-        status: 'active' } ],\n-   headers: \n-    { server: 'nginx',\n-      date: 'Wed, 16 Mar 2022 05:51:37 GMT',\n-      'content-type': 'application/json; charset=utf-8',\n-      'transfer-encoding': 'chunked',\n-      connection: 'keep-alive',\n-      vary: 'Accept-Encoding, Origin',\n-      'x-frame-options': 'SAMEORIGIN',\n-      'x-xss-protection': '0',\n-      'x-content-type-options': 'nosniff',\n-      'x-download-options': 'noopen',\n-      'x-permitted-cross-domain-policies': 'none',\n-      'referrer-policy': 'strict-origin-when-cross-origin',\n-      'x-ratelimit-limit': '90',\n-      'x-ratelimit-remaining': '89',\n-      'x-ratelimit-reset': '1',\n-      'x-pagination-total': '2276',\n-      'x-pagination-pages': '114',\n-      'x-pagination-page': '1',\n-      'x-pagination-limit': '20',\n-      'x-links-previous': '',\n-      'x-links-current': 'https://gorest.co.in/public/v2/users?page=1',\n-      'x-links-next': 'https://gorest.co.in/public/v2/users?page=2',\n-      etag: 'W/\"1cf290430a7b90c8b034bd98716dcfae\"',\n-      'cache-control': 'max-age=0, private, must-revalidate',\n-      'x-request-id': '2fa9e9f7-67da-4785-b9cd-5df1a1291ef2',\n-      'x-runtime': '0.025421',\n-      'strict-transport-security': 'max-age=63072000; includeSubDomains',\n-      'content-encoding': 'gzip' },\n-   status: 200,\n-   statusText: 'OK',\n-   isOkStatusCode: true,\n-   requestHeaders: \n-    { Connection: 'keep-alive',\n-      authorization: 'Bearer 85a59c82176a387c0f57a05e28930e29c45cd39a1e4221b01d2c288f6003bcea',\n-      'user-agent': 'Mozilla/5.0 (Windows NT 10.0; Win64; x64) AppleWebKit/537.36 (KHTML, like Gecko) Cypress/9.2.0 Chrome/94.0.4606.81 Electron/15.2.0 Safari/537.36',\n-      accept: '*/*',\n-      'accept-encoding': 'gzip, deflate' },\n-   duration: 76,\n-   allRequestResponses: \n-    [ { 'Request Body': null,\n-        'Request Headers': [Object],\n-        'Request URL': 'https://gorest.co.in/public/v2/users/',\n-        'Response Body': '[{\"id\":2349,\"name\":\"Kashyap Acharya Esq.\",\"email\":\"esq_acharya_kashyap@kshlerin.io\",\"gender\":\"female\",\"status\":\"active\"},{\"id\":2348,\"name\":\"Brahmanandam Pilla\",\"email\":\"pilla_brahmanandam@fisher.org\",\"gender\":\"male\",\"status\":\"inactive\"},{\"id\":2347,\"name\":\"Rev. Ekadant Guneta\",\"email\":\"rev_guneta_ekadant@murazik-goyette.name\",\"gender\":\"female\",\"status\":\"active\"},{\"id\":2346,\"name\":\"Girika Bhattacharya\",\"email\":\"bhattacharya_girika@torphy.net\",\"gender\":\"female\",\"status\":\"inactive\"},{\"id\":2345,\"name\":\"Ritesh Bhattathiri\",\"email\":\"ritesh_bhattathiri@konopelski.org\",\"gender\":\"female\",\"status\":\"inactive\"},{\"id\":2344,\"name\":\"Chandramauli Kocchar\",\"email\":\"chandramauli_kocchar@rolfson.io\",\"gender\":\"female\",\"status\":\"active\"},{\"id\":2342,\"name\":\"Atreyi Pandey PhD\",\"email\":\"phd_atreyi_pandey@haag-keeling.co\",\"gender\":\"male\",\"status\":\"active\"},{\"id\":2341,\"name\":\"Rep. Menka Chopra\",\"email\":\"rep_chopra_menka@sauer-parisian.io\",\"gender\":\"female\",\"status\":\"active\"},{\"id\":2340,\"name\":\"Divjot Mehrotra\",\"email\":\"divjot_mehrotra@adams.org\",\"gender\":\"female\",\"status\":\"inactive\"},{\"id\":2339,\"name\":\"Atmanand Bharadwaj\",\"email\":\"atmanand_bharadwaj@herman-borer.io\",\"gender\":\"female\",\"status\":\"active\"},{\"id\":2338,\"name\":\"Rep. Rajendra Rana\",\"email\":\"rajendra_rana_rep@torphy-dicki.org\",\"gender\":\"male\",\"status\":\"inactive\"},{\"id\":2337,\"name\":\"Shashi Mehrotra\",\"email\":\"shashi_mehrotra@rowe-oberbrunner.io\",\"gender\":\"male\",\"status\":\"active\"},{\"id\":2335,\"name\":\"Mohinder Guha\",\"email\":\"guha_mohinder@steuber-becker.biz\",\"gender\":\"male\",\"status\":\"active\"},{\"id\":2334,\"name\":\"Prof. Radha Bandopadhyay\",\"email\":\"bandopadhyay_radha_prof@dibbert.info\",\"gender\":\"female\",\"status\":\"inactive\"},{\"id\":2333,\"name\":\"Mrs. Laxmi Deshpande\",\"email\":\"deshpande_mrs_laxmi@hermann.org\",\"gender\":\"female\",\"status\":\"active\"},{\"id\":2332,\"name\":\"Bhima Tandon\",\"email\":\"tandon_bhima@kuvalis.com\",\"gender\":\"female\",\"status\":\"inactive\"},{\"id\":2331,\"name\":\"Mohana Pilla\",\"email\":\"pilla_mohana@cronin.net\",\"gender\":\"female\",\"status\":\"inactive\"},{\"id\":2330,\"name\":\"Niranjan Panicker DC\",\"email\":\"dc_panicker_niranjan@farrell.name\",\"gender\":\"female\",\"status\":\"inactive\"},{\"id\":2329,\"name\":\"Aagam Deshpande\",\"email\":\"deshpande_aagam@predovic.name\",\"gender\":\"female\",\"status\":\"active\"},{\"id\":2327,\"name\":\"Manisha Iyer\",\"email\":\"manisha_iyer@senger.co\",\"gender\":\"female\",\"status\":\"active\"}]',\n-        'Response Headers': [Object],\n-        'Response Status': 200 } ] }\n+ [ { id: 4094,\n+     name: 'Aalok Ganaka',\n+     email: 'ganaka_aalok@lind.co',\n+     gender: 'male',\n+     status: 'active' },\n+   { id: 4093,\n+     name: 'Rep. Ahalya Asan',\n+     email: 'ahalya_rep_asan@hirthe-yost.org',\n+     gender: 'female',\n+     status: 'active' },\n+   { id: 4092,\n+     name: 'Amb. Mohana Shah',\n+     email: 'mohana_shah_amb@feeney.org',\n+     gender: 'female',\n+     status: 'inactive' },\n+   { id: 4091,\n+     name: 'Ghanshyam Rana',\n+     email: 'rana_ghanshyam@weissnat.info',\n+     gender: 'male',\n+     status: 'active' },\n+   { id: 4090,\n+     name: 'Prof. Goutam Sethi',\n+     email: 'sethi_prof_goutam@macejkovic.info',\n+     gender: 'male',\n+     status: 'active' },\n+   { id: 4089,\n+     name: 'Anamika Abbott IV',\n+     email: 'iv_abbott_anamika@mueller.org',\n+     gender: 'female',\n+     status: 'inactive' },\n+   { id: 4088,\n+     name: 'Gudakesa Bhat',\n+     email: 'gudakesa_bhat@dicki-hammes.biz',\n+     gender: 'female',\n+     status: 'active' },\n+   { id: 4087,\n+     name: 'Anwesha Mehra',\n+     email: 'anwesha_mehra@cremin.biz',\n+     gender: 'female',\n+     status: 'inactive' },\n+   { id: 4086,\n+     name: 'Chidananda Kakkar',\n+     email: 'chidananda_kakkar@bednar-mcclure.org',\n+     gender: 'female',\n+     status: 'active' },\n+   { id: 4085,\n+     name: 'Prof. Vrinda Adiga',\n+     email: 'vrinda_prof_adiga@hauck.io',\n+     gender: 'male',\n+     status: 'inactive' },\n+   { id: 4084,\n+     name: 'Harinakshi Kapoor',\n+     email: 'kapoor_harinakshi@bradtke.io',\n+     gender: 'female',\n+     status: 'inactive' },\n+   { id: 4083,\n+     name: 'Miss Kanti Patil',\n+     email: 'miss_patil_kanti@rosenbaum.name',\n+     gender: 'female',\n+     status: 'inactive' },\n+   { id: 4082,\n+     name: 'Subhash Shukla',\n+     email: 'shukla_subhash@kutch.com',\n+     gender: 'female',\n+     status: 'inactive' },\n+   { id: 4081,\n+     name: 'Nikita Sinha',\n+     email: 'nikita_sinha@lebsack.com',\n+     gender: 'female',\n+     status: 'inactive' },\n+   { id: 4080,\n+     name: 'Vimal Pandey CPA',\n+     email: 'pandey_cpa_vimal@romaguera.org',\n+     gender: 'female',\n+     status: 'inactive' },\n+   { id: 4079,\n+     name: 'Amaranaath Trivedi',\n+     email: 'amaranaath_trivedi@gleason.biz',\n+     gender: 'female',\n+     status: 'active' },\n+   { id: 4075,\n+     name: 'Divjot Khanna',\n+     email: 'divjot_khanna@crona.info',\n+     gender: 'male',\n+     status: 'active' },\n+   { id: 4074,\n+     name: 'Veda Bhattathiri DDS',\n+     email: 'bhattathiri_veda_dds@dibbert.co',\n+     gender: 'male',\n+     status: 'inactive' },\n+   { id: 4073,\n+     name: 'Ranjit Shukla DDS',\n+     email: 'ranjit_dds_shukla@glover.biz',\n+     gender: 'male',\n+     status: 'inactive' },\n+   { id: 4072,\n+     name: 'Fr. Opalina Asan',\n+     email: 'asan_opalina_fr@parker.name',\n+     gender: 'female',\n+     status: 'active' } ]\n"
              },
              "uuid": "3bffa23b-44e8-4875-b039-9b4a79d79d81",
              "parentUUID": "07d3fc4e-f68a-4418-ac74-e6e33ca4a11e",
              "isHook": false,
              "skipped": false
            }
          ],
          "suites": [],
          "passes": [],
          "failures": [
            "3bffa23b-44e8-4875-b039-9b4a79d79d81"
          ],
          "pending": [],
          "skipped": [
            "b95f5f5b-6812-43d4-ad96-dfb22b2b1fc2",
            "2c73f2ab-01c1-46fe-86d2-cd93a505530b",
            "1b061e36-2a92-461f-9176-bdfd6c37485a",
            "d9737af6-4731-4895-b9b9-458f1985f0c2",
            "1a04a577-a80d-42e2-a32f-820fae497328",
            "b7248dce-9c1c-4b7f-be5b-51f714ebe039",
            "84df859f-292d-4746-ba8c-007b02ffc9a7",
            "9bc8c15e-51f5-4145-897c-580f940fce6c"
          ],
          "duration": 3460,
          "root": false,
          "rootEmpty": false,
          "_timeout": 2000
        }
      ],
      "passes": [],
      "failures": [],
      "pending": [],
      "skipped": [],
      "duration": 0,
      "root": true,
      "rootEmpty": true,
      "_timeout": 2000
    }
  ],
  "meta": {
    "mocha": {
      "version": "7.0.1"
    },
    "mochawesome": {
      "options": {
        "quiet": false,
        "reportFilename": "report",
        "saveHtml": true,
        "saveJson": true,
        "consoleReporter": "spec",
        "useInlineDiffs": false,
        "code": true
      },
      "version": "7.0.1"
    },
    "marge": {
      "options": {
        "reportDir": "cypress/reports",
        "reportFilename": "report",
        "html": true,
        "json": true,
        "charts": true
      },
      "version": "6.0.1"
    }
  }
}